<?xml version="1.0" encoding="UTF-8"?>
<testsuite xmlns:xsi="http://www.w3.org/2001/XMLSchema-instance" xsi:noNamespaceSchemaLocation="https://maven.apache.org/surefire/maven-surefire-plugin/xsd/surefire-test-report.xsd" name="org.mcs.dao.UserDaoTest" time="1.581" tests="3" errors="1" skipped="0" failures="0">
  <properties>
[...]
</properties>
  <testcase name="queryById" classname="org.mcs.dao.UserDaoTest" time="0.385"/>
  <testcase name="insert" classname="org.mcs.dao.UserDaoTest" time="0.05">
    <error message="&#10;### Error updating database.  Cause: java.sql.SQLException: Field &apos;password&apos; doesn&apos;t have a default value&#10;### The error may involve org.mcs.dao.UserDao.insert-Inline&#10;### The error occurred while setting parameters&#10;### SQL: insert into user(name, user_phone, email, create_time)       values(?, ?, ?, ?)&#10;### Cause: java.sql.SQLException: Field &apos;password&apos; doesn&apos;t have a default value&#10;; SQL []; Field &apos;password&apos; doesn&apos;t have a default value; nested exception is java.sql.SQLException: Field &apos;password&apos; doesn&apos;t have a default value" type="org.springframework.dao.DataIntegrityViolationException">org.springframework.dao.DataIntegrityViolationException: 

### Error updating database.  Cause: java.sql.SQLException: Field 'password' doesn't have a default value
### The error may involve org.mcs.dao.UserDao.insert-Inline
### The error occurred while setting parameters
### SQL: insert into user(name, user_phone, email, create_time)       values(?, ?, ?, ?)
### Cause: java.sql.SQLException: Field 'password' doesn't have a default value
; SQL []; Field 'password' doesn't have a default value; nested exception is java.sql.SQLException: Field 'password' doesn't have a default value
	at org.mcs.dao.UserDaoTest.insert(UserDaoTest.java:41)
Caused by: java.sql.SQLException: Field 'password' doesn't have a default value
	at org.mcs.dao.UserDaoTest.insert(UserDaoTest.java:41)
</error>
    <system-err><![CDATA[十月 15, 2018 10:04:06 下午 org.springframework.beans.factory.xml.XmlBeanDefinitionReader loadBeanDefinitions
信息: Loading XML bean definitions from class path resource [org/springframework/jdbc/support/sql-error-codes.xml]
十月 15, 2018 10:04:06 下午 org.springframework.jdbc.support.SQLErrorCodesFactory <init>
信息: SQLErrorCodes loaded: [DB2, Derby, H2, HSQL, Informix, MS-SQL, MySQL, Oracle, PostgreSQL, Sybase, Hana]
]]></system-err>
  </testcase>
  <testcase name="deleteByPrimaryKey" classname="org.mcs.dao.UserDaoTest" time="0"/>
</testsuite>